#
# There is insufficient memory for the Java Runtime Environment to continue.
# Native memory allocation (malloc) failed to allocate 1339904 bytes for Chunk::new
# Possible reasons:
#   The system is out of physical RAM or swap space
#   The process is running with CompressedOops enabled, and the Java Heap may be blocking the growth of the native heap
# Possible solutions:
#   Reduce memory load on the system
#   Increase physical memory or swap space
#   Check if swap backing store is full
#   Decrease Java heap size (-Xmx/-Xms)
#   Decrease number of Java threads
#   Decrease Java thread stack sizes (-Xss)
#   Set larger code cache with -XX:ReservedCodeCacheSize=
#   JVM is running with Unscaled Compressed Oops mode in which the Java heap is
#     placed in the first 4GB address space. The Java Heap base address is the
#     maximum limit for the native heap growth. Please use -XX:HeapBaseMinAddress
#     to set the Java Heap base and to place the Java Heap above 4GB virtual address.
# This output file may be truncated or incomplete.
#
#  Out of Memory Error (arena.cpp:168), pid=6460, tid=10116
#
# JRE version: Java(TM) SE Runtime Environment (21.0.1+12) (build 21.0.1+12-LTS-29)
# Java VM: Java HotSpot(TM) 64-Bit Server VM (21.0.1+12-LTS-29, mixed mode, sharing, tiered, compressed oops, compressed class ptrs, g1 gc, windows-amd64)
# No core dump will be written. Minidumps are not enabled by default on client versions of Windows
#

---------------  S U M M A R Y ------------

Command Line: -javaagent:C:\Program Files\JetBrains\IntelliJ IDEA 2024.2.4\lib\idea_rt.jar=60988:C:\Program Files\JetBrains\IntelliJ IDEA 2024.2.4\bin -Dfile.encoding=UTF-8 -Dsun.stdout.encoding=UTF-8 -Dsun.stderr.encoding=UTF-8 Main

Host: Intel(R) Core(TM) i5-10300H CPU @ 2.50GHz, 8 cores, 7G,  Windows 11 , 64 bit Build 26100 (10.0.26100.2454)
Time: Sat Nov 30 14:44:46 2024 Hora est. Pacífico, Sudamérica elapsed time: 7.900717 seconds (0d 0h 0m 7s)

---------------  T H R E A D  ---------------

Current thread (0x000001cde2f96df0):  JavaThread "C2 CompilerThread2" daemon [_thread_in_native, id=10116, stack(0x000000c964100000,0x000000c964200000) (1024K)]


Current CompileTask:
C2:   7900 1961       4       sun.security.ec.ECOperations::setDouble (463 bytes)

Stack: [0x000000c964100000,0x000000c964200000]
Native frames: (J=compiled Java code, j=interpreted, Vv=VM code, C=native code)
V  [jvm.dll+0x6c9029]
V  [jvm.dll+0x854b81]
V  [jvm.dll+0x856e5e]
V  [jvm.dll+0x857543]
V  [jvm.dll+0x280c06]
V  [jvm.dll+0xc3ead]
V  [jvm.dll+0xc43c3]
V  [jvm.dll+0x3b576c]
V  [jvm.dll+0x382475]
V  [jvm.dll+0x3818ea]
V  [jvm.dll+0x249ad0]
V  [jvm.dll+0x2490b1]
V  [jvm.dll+0x1c9ca1]
V  [jvm.dll+0x2586b9]
V  [jvm.dll+0x256c9a]
V  [jvm.dll+0x3ef1b6]
V  [jvm.dll+0x7fd728]
V  [jvm.dll+0x6c777d]
C  [ucrtbase.dll+0x14ea0]
C  [KERNEL32.DLL+0x2e8d7]
C  [ntdll.dll+0xdfbcc]


---------------  P R O C E S S  ---------------

Threads class SMR info:
_java_thread_list=0x000001cde2657210, length=18, elements={
0x000001cdffbe56d0, 0x000001cdffbe62e0, 0x000001cdffbec140, 0x000001cdffbebab0,
0x000001cdffbec7d0, 0x000001cdffbece60, 0x000001cdffbfe080, 0x000001cdffc11a40,
0x000001cdffbed4f0, 0x000001cdffbedb80, 0x000001cdffbee210, 0x000001cdffbee8a0,
0x000001cdffbeb420, 0x000001cd9b788690, 0x000001cd9b7893b0, 0x000001cd9b788d20,
0x000001cde3022a40, 0x000001cde2f96df0
}

Java Threads: ( => current thread )
  0x000001cdffbe56d0 JavaThread "Reference Handler"          daemon [_thread_blocked, id=12792, stack(0x000000c963100000,0x000000c963200000) (1024K)]
  0x000001cdffbe62e0 JavaThread "Finalizer"                  daemon [_thread_blocked, id=16248, stack(0x000000c963200000,0x000000c963300000) (1024K)]
  0x000001cdffbec140 JavaThread "Signal Dispatcher"          daemon [_thread_blocked, id=16152, stack(0x000000c963300000,0x000000c963400000) (1024K)]
  0x000001cdffbebab0 JavaThread "Attach Listener"            daemon [_thread_blocked, id=4088, stack(0x000000c963400000,0x000000c963500000) (1024K)]
  0x000001cdffbec7d0 JavaThread "Service Thread"             daemon [_thread_blocked, id=4380, stack(0x000000c963500000,0x000000c963600000) (1024K)]
  0x000001cdffbece60 JavaThread "Monitor Deflation Thread"   daemon [_thread_blocked, id=13872, stack(0x000000c963600000,0x000000c963700000) (1024K)]
  0x000001cdffbfe080 JavaThread "C2 CompilerThread0"         daemon [_thread_blocked, id=14676, stack(0x000000c963700000,0x000000c963800000) (1024K)]
  0x000001cdffc11a40 JavaThread "C1 CompilerThread0"         daemon [_thread_blocked, id=296, stack(0x000000c963800000,0x000000c963900000) (1024K)]
  0x000001cdffbed4f0 JavaThread "Common-Cleaner"             daemon [_thread_blocked, id=6580, stack(0x000000c963900000,0x000000c963a00000) (1024K)]
  0x000001cdffbedb80 JavaThread "Monitor Ctrl-Break"         daemon [_thread_in_native, id=8796, stack(0x000000c963b00000,0x000000c963c00000) (1024K)]
  0x000001cdffbee210 JavaThread "Notification Thread"        daemon [_thread_blocked, id=13148, stack(0x000000c963c00000,0x000000c963d00000) (1024K)]
  0x000001cdffbee8a0 JavaThread "Java2D Disposer"            daemon [_thread_blocked, id=15380, stack(0x000000c963d00000,0x000000c963e00000) (1024K)]
  0x000001cdffbeb420 JavaThread "AWT-Shutdown"                      [_thread_blocked, id=2328, stack(0x000000c963e00000,0x000000c963f00000) (1024K)]
  0x000001cd9b788690 JavaThread "AWT-Windows"                daemon [_thread_in_native, id=11752, stack(0x000000c963f00000,0x000000c964000000) (1024K)]
  0x000001cd9b7893b0 JavaThread "AWT-EventQueue-0"                  [_thread_in_native, id=15888, stack(0x000000c964000000,0x000000c964100000) (1024K)]
  0x000001cd9b788d20 JavaThread "DestroyJavaVM"                     [_thread_blocked, id=2608, stack(0x000000c962900000,0x000000c962a00000) (1024K)]
  0x000001cde3022a40 JavaThread "C2 CompilerThread1"         daemon [_thread_blocked, id=11592, stack(0x000000c963a00000,0x000000c963b00000) (1024K)]
=>0x000001cde2f96df0 JavaThread "C2 CompilerThread2"         daemon [_thread_in_native, id=10116, stack(0x000000c964100000,0x000000c964200000) (1024K)]
Total: 18

Other Threads:
  0x000001cdfc2af280 VMThread "VM Thread"                           [id=9784, stack(0x000000c963000000,0x000000c963100000) (1024K)]
  0x000001cdffbac570 WatcherThread "VM Periodic Task Thread"        [id=17208, stack(0x000000c962f00000,0x000000c963000000) (1024K)]
  0x000001cdfc2aeee0 WorkerThread "GC Thread#0"                     [id=5872, stack(0x000000c962a00000,0x000000c962b00000) (1024K)]
  0x000001cdfc2adcc0 WorkerThread "GC Thread#1"                     [id=6164, stack(0x000000c964200000,0x000000c964300000) (1024K)]
  0x000001cdfc2ae060 WorkerThread "GC Thread#2"                     [id=7828, stack(0x000000c964300000,0x000000c964400000) (1024K)]
  0x000001cdfc2ae400 WorkerThread "GC Thread#3"                     [id=13444, stack(0x000000c964400000,0x000000c964500000) (1024K)]
  0x000001cde2f924a0 WorkerThread "GC Thread#4"                     [id=17288, stack(0x000000c964500000,0x000000c964600000) (1024K)]
  0x000001cde2f90ee0 WorkerThread "GC Thread#5"                     [id=10652, stack(0x000000c964600000,0x000000c964700000) (1024K)]
  0x000001cde2f919c0 WorkerThread "GC Thread#6"                     [id=496, stack(0x000000c964700000,0x000000c964800000) (1024K)]
  0x000001cde2f92840 WorkerThread "GC Thread#7"                     [id=14604, stack(0x000000c964800000,0x000000c964900000) (1024K)]
  0x000001cdfde2fa00 ConcurrentGCThread "G1 Main Marker"            [id=6020, stack(0x000000c962b00000,0x000000c962c00000) (1024K)]
  0x000001cdfc2ae7a0 WorkerThread "G1 Conc#0"                       [id=15016, stack(0x000000c962c00000,0x000000c962d00000) (1024K)]
  0x000001cdffa844f0 ConcurrentGCThread "G1 Refine#0"               [id=2764, stack(0x000000c962d00000,0x000000c962e00000) (1024K)]
  0x000001cdfde8bb60 ConcurrentGCThread "G1 Service"                [id=14636, stack(0x000000c962e00000,0x000000c962f00000) (1024K)]
Total: 14

Threads with active compile tasks:
C2 CompilerThread2     7992 1961       4       sun.security.ec.ECOperations::setDouble (463 bytes)
Total: 1

VM state: not at safepoint (normal execution)

VM Mutex/Monitor currently owned by a thread: None

Heap address: 0x0000000082000000, size: 2016 MB, Compressed Oops mode: 32-bit

CDS archive(s) mapped at: [0x000001cd9c000000-0x000001cd9cc90000-0x000001cd9cc90000), size 13172736, SharedBaseAddress: 0x000001cd9c000000, ArchiveRelocationMode: 1.
Compressed class space mapped at: 0x000001cd9d000000-0x000001cddd000000, reserved size: 1073741824
Narrow klass base: 0x000001cd9c000000, Narrow klass shift: 0, Narrow klass range: 0x100000000

GC Precious Log:
 CardTable entry size: 512
 Card Set container configuration: InlinePtr #cards 5 size 8 Array Of Cards #cards 12 size 40 Howl #buckets 4 coarsen threshold 1843 Howl Bitmap #cards 512 size 80 coarsen threshold 460 Card regions per heap region 1 cards per card region 2048
 CPUs: 8 total, 8 available
 Memory: 8059M
 Large Page Support: Disabled
 NUMA Support: Disabled
 Compressed Oops: Enabled (32-bit)
 Heap Region Size: 1M
 Heap Min Capacity: 8M
 Heap Initial Capacity: 126M
 Heap Max Capacity: 2016M
 Pre-touch: Disabled
 Parallel Workers: 8
 Concurrent Workers: 2
 Concurrent Refinement Workers: 8
 Periodic GC: Disabled

Heap:
 garbage-first heap   total 129024K, used 14463K [0x0000000082000000, 0x0000000100000000)
  region size 1024K, 11 young (11264K), 3 survivors (3072K)
 Metaspace       used 17233K, committed 17472K, reserved 1114112K
  class space    used 1906K, committed 1984K, reserved 1048576K

Heap Regions: E=young(eden), S=young(survivor), O=old, HS=humongous(starts), HC=humongous(continues), CS=collection set, F=free, TAMS=top-at-mark-start, PB=parsable bottom
|   0|0x0000000082000000, 0x0000000082100000, 0x0000000082100000|100%|HS|  |TAMS 0x0000000082000000| PB 0x0000000082000000| Complete 
|   1|0x0000000082100000, 0x0000000082200000, 0x0000000082200000|100%|HS|  |TAMS 0x0000000082100000| PB 0x0000000082100000| Complete 
|   2|0x0000000082200000, 0x0000000082300000, 0x0000000082300000|100%|HC|  |TAMS 0x0000000082200000| PB 0x0000000082200000| Complete 
|   3|0x0000000082300000, 0x0000000082400000, 0x0000000082400000|100%|HC|  |TAMS 0x0000000082300000| PB 0x0000000082300000| Complete 
|   4|0x0000000082400000, 0x0000000082500000, 0x0000000082500000|100%| O|  |TAMS 0x0000000082400000| PB 0x0000000082400000| Untracked 
|   5|0x0000000082500000, 0x000000008251ffe0, 0x0000000082600000| 12%| O|  |TAMS 0x0000000082500000| PB 0x0000000082500000| Untracked 
|   6|0x0000000082600000, 0x0000000082600000, 0x0000000082700000|  0%| F|  |TAMS 0x0000000082600000| PB 0x0000000082600000| Untracked 
|   7|0x0000000082700000, 0x0000000082700000, 0x0000000082800000|  0%| F|  |TAMS 0x0000000082700000| PB 0x0000000082700000| Untracked 
|   8|0x0000000082800000, 0x0000000082800000, 0x0000000082900000|  0%| F|  |TAMS 0x0000000082800000| PB 0x0000000082800000| Untracked 
|   9|0x0000000082900000, 0x0000000082900000, 0x0000000082a00000|  0%| F|  |TAMS 0x0000000082900000| PB 0x0000000082900000| Untracked 
|  10|0x0000000082a00000, 0x0000000082a00000, 0x0000000082b00000|  0%| F|  |TAMS 0x0000000082a00000| PB 0x0000000082a00000| Untracked 
|  11|0x0000000082b00000, 0x0000000082b00000, 0x0000000082c00000|  0%| F|  |TAMS 0x0000000082b00000| PB 0x0000000082b00000| Untracked 
|  12|0x0000000082c00000, 0x0000000082c00000, 0x0000000082d00000|  0%| F|  |TAMS 0x0000000082c00000| PB 0x0000000082c00000| Untracked 
|  13|0x0000000082d00000, 0x0000000082d00000, 0x0000000082e00000|  0%| F|  |TAMS 0x0000000082d00000| PB 0x0000000082d00000| Untracked 
|  14|0x0000000082e00000, 0x0000000082e00000, 0x0000000082f00000|  0%| F|  |TAMS 0x0000000082e00000| PB 0x0000000082e00000| Untracked 
|  15|0x0000000082f00000, 0x0000000082f00000, 0x0000000083000000|  0%| F|  |TAMS 0x0000000082f00000| PB 0x0000000082f00000| Untracked 
|  16|0x0000000083000000, 0x0000000083000000, 0x0000000083100000|  0%| F|  |TAMS 0x0000000083000000| PB 0x0000000083000000| Untracked 
|  17|0x0000000083100000, 0x0000000083100000, 0x0000000083200000|  0%| F|  |TAMS 0x0000000083100000| PB 0x0000000083100000| Untracked 
|  18|0x0000000083200000, 0x0000000083200000, 0x0000000083300000|  0%| F|  |TAMS 0x0000000083200000| PB 0x0000000083200000| Untracked 
|  19|0x0000000083300000, 0x0000000083300000, 0x0000000083400000|  0%| F|  |TAMS 0x0000000083300000| PB 0x0000000083300000| Untracked 
|  20|0x0000000083400000, 0x0000000083400000, 0x0000000083500000|  0%| F|  |TAMS 0x0000000083400000| PB 0x0000000083400000| Untracked 
|  21|0x0000000083500000, 0x0000000083500000, 0x0000000083600000|  0%| F|  |TAMS 0x0000000083500000| PB 0x0000000083500000| Untracked 
|  22|0x0000000083600000, 0x0000000083600000, 0x0000000083700000|  0%| F|  |TAMS 0x0000000083600000| PB 0x0000000083600000| Untracked 
|  23|0x0000000083700000, 0x0000000083700000, 0x0000000083800000|  0%| F|  |TAMS 0x0000000083700000| PB 0x0000000083700000| Untracked 
|  24|0x0000000083800000, 0x0000000083800000, 0x0000000083900000|  0%| F|  |TAMS 0x0000000083800000| PB 0x0000000083800000| Untracked 
|  25|0x0000000083900000, 0x0000000083900000, 0x0000000083a00000|  0%| F|  |TAMS 0x0000000083900000| PB 0x0000000083900000| Untracked 
|  26|0x0000000083a00000, 0x0000000083a00000, 0x0000000083b00000|  0%| F|  |TAMS 0x0000000083a00000| PB 0x0000000083a00000| Untracked 
|  27|0x0000000083b00000, 0x0000000083b00000, 0x0000000083c00000|  0%| F|  |TAMS 0x0000000083b00000| PB 0x0000000083b00000| Untracked 
|  28|0x0000000083c00000, 0x0000000083c00000, 0x0000000083d00000|  0%| F|  |TAMS 0x0000000083c00000| PB 0x0000000083c00000| Untracked 
|  29|0x0000000083d00000, 0x0000000083d00000, 0x0000000083e00000|  0%| F|  |TAMS 0x0000000083d00000| PB 0x0000000083d00000| Untracked 
|  30|0x0000000083e00000, 0x0000000083e00000, 0x0000000083f00000|  0%| F|  |TAMS 0x0000000083e00000| PB 0x0000000083e00000| Untracked 
|  31|0x0000000083f00000, 0x0000000083f00000, 0x0000000084000000|  0%| F|  |TAMS 0x0000000083f00000| PB 0x0000000083f00000| Untracked 
|  32|0x0000000084000000, 0x0000000084000000, 0x0000000084100000|  0%| F|  |TAMS 0x0000000084000000| PB 0x0000000084000000| Untracked 
|  33|0x0000000084100000, 0x0000000084100000, 0x0000000084200000|  0%| F|  |TAMS 0x0000000084100000| PB 0x0000000084100000| Untracked 
|  34|0x0000000084200000, 0x0000000084200000, 0x0000000084300000|  0%| F|  |TAMS 0x0000000084200000| PB 0x0000000084200000| Untracked 
|  35|0x0000000084300000, 0x0000000084300000, 0x0000000084400000|  0%| F|  |TAMS 0x0000000084300000| PB 0x0000000084300000| Untracked 
|  36|0x0000000084400000, 0x0000000084400000, 0x0000000084500000|  0%| F|  |TAMS 0x0000000084400000| PB 0x0000000084400000| Untracked 
|  37|0x0000000084500000, 0x0000000084500000, 0x0000000084600000|  0%| F|  |TAMS 0x0000000084500000| PB 0x0000000084500000| Untracked 
|  38|0x0000000084600000, 0x0000000084600000, 0x0000000084700000|  0%| F|  |TAMS 0x0000000084600000| PB 0x0000000084600000| Untracked 
|  39|0x0000000084700000, 0x0000000084700000, 0x0000000084800000|  0%| F|  |TAMS 0x0000000084700000| PB 0x0000000084700000| Untracked 
|  40|0x0000000084800000, 0x0000000084800000, 0x0000000084900000|  0%| F|  |TAMS 0x0000000084800000| PB 0x0000000084800000| Untracked 
|  41|0x0000000084900000, 0x0000000084900000, 0x0000000084a00000|  0%| F|  |TAMS 0x0000000084900000| PB 0x0000000084900000| Untracked 
|  42|0x0000000084a00000, 0x0000000084a00000, 0x0000000084b00000|  0%| F|  |TAMS 0x0000000084a00000| PB 0x0000000084a00000| Untracked 
|  43|0x0000000084b00000, 0x0000000084b00000, 0x0000000084c00000|  0%| F|  |TAMS 0x0000000084b00000| PB 0x0000000084b00000| Untracked 
|  44|0x0000000084c00000, 0x0000000084c00000, 0x0000000084d00000|  0%| F|  |TAMS 0x0000000084c00000| PB 0x0000000084c00000| Untracked 
|  45|0x0000000084d00000, 0x0000000084d00000, 0x0000000084e00000|  0%| F|  |TAMS 0x0000000084d00000| PB 0x0000000084d00000| Untracked 
|  46|0x0000000084e00000, 0x0000000084e00000, 0x0000000084f00000|  0%| F|  |TAMS 0x0000000084e00000| PB 0x0000000084e00000| Untracked 
|  47|0x0000000084f00000, 0x0000000084f00000, 0x0000000085000000|  0%| F|  |TAMS 0x0000000084f00000| PB 0x0000000084f00000| Untracked 
|  48|0x0000000085000000, 0x0000000085000000, 0x0000000085100000|  0%| F|  |TAMS 0x0000000085000000| PB 0x0000000085000000| Untracked 
|  49|0x0000000085100000, 0x0000000085100000, 0x0000000085200000|  0%| F|  |TAMS 0x0000000085100000| PB 0x0000000085100000| Untracked 
|  50|0x0000000085200000, 0x0000000085200000, 0x0000000085300000|  0%| F|  |TAMS 0x0000000085200000| PB 0x0000000085200000| Untracked 
|  51|0x0000000085300000, 0x0000000085300000, 0x0000000085400000|  0%| F|  |TAMS 0x0000000085300000| PB 0x0000000085300000| Untracked 
|  52|0x0000000085400000, 0x0000000085400000, 0x0000000085500000|  0%| F|  |TAMS 0x0000000085400000| PB 0x0000000085400000| Untracked 
|  53|0x0000000085500000, 0x0000000085500000, 0x0000000085600000|  0%| F|  |TAMS 0x0000000085500000| PB 0x0000000085500000| Untracked 
|  54|0x0000000085600000, 0x0000000085600000, 0x0000000085700000|  0%| F|  |TAMS 0x0000000085600000| PB 0x0000000085600000| Untracked 
|  55|0x0000000085700000, 0x0000000085700000, 0x0000000085800000|  0%| F|  |TAMS 0x0000000085700000| PB 0x0000000085700000| Untracked 
|  56|0x0000000085800000, 0x0000000085800000, 0x0000000085900000|  0%| F|  |TAMS 0x0000000085800000| PB 0x0000000085800000| Untracked 
|  57|0x0000000085900000, 0x0000000085900000, 0x0000000085a00000|  0%| F|  |TAMS 0x0000000085900000| PB 0x0000000085900000| Untracked 
|  58|0x0000000085a00000, 0x0000000085a00000, 0x0000000085b00000|  0%| F|  |TAMS 0x0000000085a00000| PB 0x0000000085a00000| Untracked 
|  59|0x0000000085b00000, 0x0000000085b00000, 0x0000000085c00000|  0%| F|  |TAMS 0x0000000085b00000| PB 0x0000000085b00000| Untracked 
|  60|0x0000000085c00000, 0x0000000085c00000, 0x0000000085d00000|  0%| F|  |TAMS 0x0000000085c00000| PB 0x0000000085c00000| Untracked 
|  61|0x0000000085d00000, 0x0000000085d00000, 0x0000000085e00000|  0%| F|  |TAMS 0x0000000085d00000| PB 0x0000000085d00000| Untracked 
|  62|0x0000000085e00000, 0x0000000085e00000, 0x0000000085f00000|  0%| F|  |TAMS 0x0000000085e00000| PB 0x0000000085e00000| Untracked 
|  63|0x0000000085f00000, 0x0000000085f00000, 0x0000000086000000|  0%| F|  |TAMS 0x0000000085f00000| PB 0x0000000085f00000| Untracked 
|  64|0x0000000086000000, 0x0000000086000000, 0x0000000086100000|  0%| F|  |TAMS 0x0000000086000000| PB 0x0000000086000000| Untracked 
|  65|0x0000000086100000, 0x0000000086100000, 0x0000000086200000|  0%| F|  |TAMS 0x0000000086100000| PB 0x0000000086100000| Untracked 
|  66|0x0000000086200000, 0x0000000086200000, 0x0000000086300000|  0%| F|  |TAMS 0x0000000086200000| PB 0x0000000086200000| Untracked 
|  67|0x0000000086300000, 0x0000000086300000, 0x0000000086400000|  0%| F|  |TAMS 0x0000000086300000| PB 0x0000000086300000| Untracked 
|  68|0x0000000086400000, 0x0000000086400000, 0x0000000086500000|  0%| F|  |TAMS 0x0000000086400000| PB 0x0000000086400000| Untracked 
|  69|0x0000000086500000, 0x0000000086500000, 0x0000000086600000|  0%| F|  |TAMS 0x0000000086500000| PB 0x0000000086500000| Untracked 
|  70|0x0000000086600000, 0x0000000086600000, 0x0000000086700000|  0%| F|  |TAMS 0x0000000086600000| PB 0x0000000086600000| Untracked 
|  71|0x0000000086700000, 0x0000000086700000, 0x0000000086800000|  0%| F|  |TAMS 0x0000000086700000| PB 0x0000000086700000| Untracked 
|  72|0x0000000086800000, 0x0000000086800000, 0x0000000086900000|  0%| F|  |TAMS 0x0000000086800000| PB 0x0000000086800000| Untracked 
|  73|0x0000000086900000, 0x0000000086900000, 0x0000000086a00000|  0%| F|  |TAMS 0x0000000086900000| PB 0x0000000086900000| Untracked 
|  74|0x0000000086a00000, 0x0000000086a00000, 0x0000000086b00000|  0%| F|  |TAMS 0x0000000086a00000| PB 0x0000000086a00000| Untracked 
|  75|0x0000000086b00000, 0x0000000086b00000, 0x0000000086c00000|  0%| F|  |TAMS 0x0000000086b00000| PB 0x0000000086b00000| Untracked 
|  76|0x0000000086c00000, 0x0000000086c00000, 0x0000000086d00000|  0%| F|  |TAMS 0x0000000086c00000| PB 0x0000000086c00000| Untracked 
|  77|0x0000000086d00000, 0x0000000086d00000, 0x0000000086e00000|  0%| F|  |TAMS 0x0000000086d00000| PB 0x0000000086d00000| Untracked 
|  78|0x0000000086e00000, 0x0000000086e00000, 0x0000000086f00000|  0%| F|  |TAMS 0x0000000086e00000| PB 0x0000000086e00000| Untracked 
|  79|0x0000000086f00000, 0x0000000086f00000, 0x0000000087000000|  0%| F|  |TAMS 0x0000000086f00000| PB 0x0000000086f00000| Untracked 
|  80|0x0000000087000000, 0x0000000087000000, 0x0000000087100000|  0%| F|  |TAMS 0x0000000087000000| PB 0x0000000087000000| Untracked 
|  81|0x0000000087100000, 0x0000000087100000, 0x0000000087200000|  0%| F|  |TAMS 0x0000000087100000| PB 0x0000000087100000| Untracked 
|  82|0x0000000087200000, 0x0000000087200000, 0x0000000087300000|  0%| F|  |TAMS 0x0000000087200000| PB 0x0000000087200000| Untracked 
|  83|0x0000000087300000, 0x0000000087300000, 0x0000000087400000|  0%| F|  |TAMS 0x0000000087300000| PB 0x0000000087300000| Untracked 
|  84|0x0000000087400000, 0x0000000087400000, 0x0000000087500000|  0%| F|  |TAMS 0x0000000087400000| PB 0x0000000087400000| Untracked 
|  85|0x0000000087500000, 0x0000000087500000, 0x0000000087600000|  0%| F|  |TAMS 0x0000000087500000| PB 0x0000000087500000| Untracked 
|  86|0x0000000087600000, 0x0000000087600000, 0x0000000087700000|  0%| F|  |TAMS 0x0000000087600000| PB 0x0000000087600000| Untracked 
|  87|0x0000000087700000, 0x0000000087700000, 0x0000000087800000|  0%| F|  |TAMS 0x0000000087700000| PB 0x0000000087700000| Untracked 
|  88|0x0000000087800000, 0x0000000087800000, 0x0000000087900000|  0%| F|  |TAMS 0x0000000087800000| PB 0x0000000087800000| Untracked 
|  89|0x0000000087900000, 0x0000000087900000, 0x0000000087a00000|  0%| F|  |TAMS 0x0000000087900000| PB 0x0000000087900000| Untracked 
|  90|0x0000000087a00000, 0x0000000087a00000, 0x0000000087b00000|  0%| F|  |TAMS 0x0000000087a00000| PB 0x0000000087a00000| Untracked 
|  91|0x0000000087b00000, 0x0000000087b00000, 0x0000000087c00000|  0%| F|  |TAMS 0x0000000087b00000| PB 0x0000000087b00000| Untracked 
|  92|0x0000000087c00000, 0x0000000087c00000, 0x0000000087d00000|  0%| F|  |TAMS 0x0000000087c00000| PB 0x0000000087c00000| Untracked 
|  93|0x0000000087d00000, 0x0000000087d00000, 0x0000000087e00000|  0%| F|  |TAMS 0x0000000087d00000| PB 0x0000000087d00000| Untracked 
|  94|0x0000000087e00000, 0x0000000087e00000, 0x0000000087f00000|  0%| F|  |TAMS 0x0000000087e00000| PB 0x0000000087e00000| Untracked 
|  95|0x0000000087f00000, 0x0000000087f00000, 0x0000000088000000|  0%| F|  |TAMS 0x0000000087f00000| PB 0x0000000087f00000| Untracked 
|  96|0x0000000088000000, 0x0000000088000000, 0x0000000088100000|  0%| F|  |TAMS 0x0000000088000000| PB 0x0000000088000000| Untracked 
|  97|0x0000000088100000, 0x0000000088100000, 0x0000000088200000|  0%| F|  |TAMS 0x0000000088100000| PB 0x0000000088100000| Untracked 
|  98|0x0000000088200000, 0x0000000088200000, 0x0000000088300000|  0%| F|  |TAMS 0x0000000088200000| PB 0x0000000088200000| Untracked 
|  99|0x0000000088300000, 0x0000000088300000, 0x0000000088400000|  0%| F|  |TAMS 0x0000000088300000| PB 0x0000000088300000| Untracked 
| 100|0x0000000088400000, 0x0000000088500000, 0x0000000088500000|100%| S|CS|TAMS 0x0000000088400000| PB 0x0000000088400000| Complete 
| 101|0x0000000088500000, 0x0000000088600000, 0x0000000088600000|100%| S|CS|TAMS 0x0000000088500000| PB 0x0000000088500000| Complete 
| 102|0x0000000088600000, 0x0000000088700000, 0x0000000088700000|100%| S|CS|TAMS 0x0000000088600000| PB 0x0000000088600000| Complete 
| 103|0x0000000088700000, 0x0000000088700000, 0x0000000088800000|  0%| F|  |TAMS 0x0000000088700000| PB 0x0000000088700000| Untracked 
| 104|0x0000000088800000, 0x0000000088800000, 0x0000000088900000|  0%| F|  |TAMS 0x0000000088800000| PB 0x0000000088800000| Untracked 
| 105|0x0000000088900000, 0x0000000088900000, 0x0000000088a00000|  0%| F|  |TAMS 0x0000000088900000| PB 0x0000000088900000| Untracked 
| 106|0x0000000088a00000, 0x0000000088a00000, 0x0000000088b00000|  0%| F|  |TAMS 0x0000000088a00000| PB 0x0000000088a00000| Untracked 
| 107|0x0000000088b00000, 0x0000000088b00000, 0x0000000088c00000|  0%| F|  |TAMS 0x0000000088b00000| PB 0x0000000088b00000| Untracked 
| 108|0x0000000088c00000, 0x0000000088c00000, 0x0000000088d00000|  0%| F|  |TAMS 0x0000000088c00000| PB 0x0000000088c00000| Untracked 
| 109|0x0000000088d00000, 0x0000000088d00000, 0x0000000088e00000|  0%| F|  |TAMS 0x0000000088d00000| PB 0x0000000088d00000| Untracked 
| 110|0x0000000088e00000, 0x0000000088e00000, 0x0000000088f00000|  0%| F|  |TAMS 0x0000000088e00000| PB 0x0000000088e00000| Untracked 
| 111|0x0000000088f00000, 0x0000000088f00000, 0x0000000089000000|  0%| F|  |TAMS 0x0000000088f00000| PB 0x0000000088f00000| Untracked 
| 112|0x0000000089000000, 0x0000000089000000, 0x0000000089100000|  0%| F|  |TAMS 0x0000000089000000| PB 0x0000000089000000| Untracked 
| 113|0x0000000089100000, 0x0000000089100000, 0x0000000089200000|  0%| F|  |TAMS 0x0000000089100000| PB 0x0000000089100000| Untracked 
| 114|0x0000000089200000, 0x0000000089200000, 0x0000000089300000|  0%| F|  |TAMS 0x0000000089200000| PB 0x0000000089200000| Untracked 
| 115|0x0000000089300000, 0x0000000089300000, 0x0000000089400000|  0%| F|  |TAMS 0x0000000089300000| PB 0x0000000089300000| Untracked 
| 116|0x0000000089400000, 0x0000000089400000, 0x0000000089500000|  0%| F|  |TAMS 0x0000000089400000| PB 0x0000000089400000| Untracked 
| 117|0x0000000089500000, 0x0000000089500000, 0x0000000089600000|  0%| F|  |TAMS 0x0000000089500000| PB 0x0000000089500000| Untracked 
| 118|0x0000000089600000, 0x0000000089679180, 0x0000000089700000| 47%| E|  |TAMS 0x0000000089600000| PB 0x0000000089600000| Complete 
| 119|0x0000000089700000, 0x0000000089800000, 0x0000000089800000|100%| E|CS|TAMS 0x0000000089700000| PB 0x0000000089700000| Complete 
| 120|0x0000000089800000, 0x0000000089900000, 0x0000000089900000|100%| E|CS|TAMS 0x0000000089800000| PB 0x0000000089800000| Complete 
| 121|0x0000000089900000, 0x0000000089a00000, 0x0000000089a00000|100%| E|CS|TAMS 0x0000000089900000| PB 0x0000000089900000| Complete 
| 122|0x0000000089a00000, 0x0000000089b00000, 0x0000000089b00000|100%| E|CS|TAMS 0x0000000089a00000| PB 0x0000000089a00000| Complete 
| 123|0x0000000089b00000, 0x0000000089c00000, 0x0000000089c00000|100%| E|CS|TAMS 0x0000000089b00000| PB 0x0000000089b00000| Complete 
| 124|0x0000000089c00000, 0x0000000089d00000, 0x0000000089d00000|100%| E|CS|TAMS 0x0000000089c00000| PB 0x0000000089c00000| Complete 
| 125|0x0000000089d00000, 0x0000000089e00000, 0x0000000089e00000|100%| E|  |TAMS 0x0000000089d00000| PB 0x0000000089d00000| Complete 

Card table byte_map: [0x000001cdfed40000,0x000001cdff130000] _byte_map_base: 0x000001cdfe930000

Marking Bits: (CMBitMap*) 0x000001cdfde1de90
 Bits: [0x000001cd97390000, 0x000001cd99310000)

Polling page: 0x000001cdfc590000

Metaspace:

Usage:
  Non-class:     14.97 MB used.
      Class:      1.86 MB used.
       Both:     16.83 MB used.

Virtual space:
  Non-class space:       64.00 MB reserved,      15.12 MB ( 24%) committed,  1 nodes.
      Class space:        1.00 GB reserved,       1.94 MB ( <1%) committed,  1 nodes.
             Both:        1.06 GB reserved,      17.06 MB (  2%) committed. 

Chunk freelists:
   Non-Class:  880.00 KB
       Class:  14.06 MB
        Both:  14.92 MB

MaxMetaspaceSize: unlimited
CompressedClassSpaceSize: 1.00 GB
Initial GC threshold: 21.00 MB
Current GC threshold: 21.00 MB
CDS: on
 - commit_granule_bytes: 65536.
 - commit_granule_words: 8192.
 - virtual_space_node_default_size: 8388608.
 - enlarge_chunks_in_place: 1.
 - use_allocation_guard: 0.


Internal statistics:

num_allocs_failed_limit: 0.
num_arena_births: 204.
num_arena_deaths: 0.
num_vsnodes_births: 2.
num_vsnodes_deaths: 0.
num_space_committed: 273.
num_space_uncommitted: 0.
num_chunks_returned_to_freelist: 0.
num_chunks_taken_from_freelist: 354.
num_chunk_merges: 0.
num_chunk_splits: 205.
num_chunks_enlarged: 104.
num_inconsistent_stats: 0.

CodeHeap 'non-profiled nmethods': size=120000Kb used=745Kb max_used=745Kb free=119254Kb
 bounds [0x000001cd8fe60000, 0x000001cd900d0000, 0x000001cd97390000]
CodeHeap 'profiled nmethods': size=120000Kb used=3613Kb max_used=3613Kb free=116386Kb
 bounds [0x000001cd88390000, 0x000001cd88720000, 0x000001cd8f8c0000]
CodeHeap 'non-nmethods': size=5760Kb used=1642Kb max_used=1664Kb free=4117Kb
 bounds [0x000001cd8f8c0000, 0x000001cd8fb30000, 0x000001cd8fe60000]
 total_blobs=2709 nmethods=2021 adapters=593
 compilation: enabled
              stopped_count=0, restarted_count=0
 full_count=0

Compilation events (20 events):
Event: 5.828 Thread 0x000001cde3022a40 nmethod 2007 0x000001cd8ff17390 code [0x000001cd8ff17500, 0x000001cd8ff17578]
Event: 5.828 Thread 0x000001cde3022a40 2008       4       sun.security.provider.SHA5::lf_maj (14 bytes)
Event: 5.828 Thread 0x000001cde3022a40 nmethod 2008 0x000001cd8ff17690 code [0x000001cd8ff17800, 0x000001cd8ff17878]
Event: 5.831 Thread 0x000001cdffc11a40 2016       1       java.util.logging.Level::intValue (5 bytes)
Event: 5.831 Thread 0x000001cdffc11a40 nmethod 2016 0x000001cd8ff17990 code [0x000001cd8ff17b20, 0x000001cd8ff17be8]
Event: 5.831 Thread 0x000001cde3022a40 2017       4       java.lang.StringBuilder::toString (9 bytes)
Event: 5.832 Thread 0x000001cdffc11a40 2018       3       java.lang.reflect.Constructor::newInstanceWithCaller (51 bytes)
Event: 5.832 Thread 0x000001cdffc11a40 nmethod 2018 0x000001cd88710410 code [0x000001cd887105e0, 0x000001cd887108c8]
Event: 5.833 Thread 0x000001cdffc11a40 2019   !   3       jdk.internal.reflect.DirectConstructorHandleAccessor::newInstance (130 bytes)
Event: 5.834 Thread 0x000001cdffc11a40 nmethod 2019 0x000001cd88710a10 code [0x000001cd88710f00, 0x000001cd887136f0]
Event: 5.834 Thread 0x000001cdffc11a40 2020       3       jdk.internal.reflect.DirectConstructorHandleAccessor::invokeImpl (103 bytes)
Event: 5.835 Thread 0x000001cdffc11a40 nmethod 2020 0x000001cd88714a90 code [0x000001cd88714de0, 0x000001cd88716788]
Event: 5.837 Thread 0x000001cdffc11a40 2021       3       java.lang.reflect.Constructor::newInstance (34 bytes)
Event: 5.837 Thread 0x000001cdffc11a40 nmethod 2021 0x000001cd88716e10 code [0x000001cd88716fe0, 0x000001cd88717230]
Event: 5.837 Thread 0x000001cde3022a40 nmethod 2017 0x000001cd8ff17c90 code [0x000001cd8ff17e40, 0x000001cd8ff18458]
Event: 5.838 Thread 0x000001cde3022a40 2022       4       sun.security.provider.SHA2::implCompress (13 bytes)
Event: 5.839 Thread 0x000001cdffc11a40 2023       3       java.util.logging.LogManager$LoggerContext::requiresDefaultLoggers (29 bytes)
Event: 5.839 Thread 0x000001cde3022a40 nmethod 2022 0x000001cd8ff18710 code [0x000001cd8ff188a0, 0x000001cd8ff189e0]
Event: 5.839 Thread 0x000001cdffc11a40 nmethod 2023 0x000001cd88717310 code [0x000001cd887174c0, 0x000001cd887176d8]
Event: 6.862 Thread 0x000001cdffbfe080 nmethod 2005 0x000001cd8ff18b10 code [0x000001cd8ff18ce0, 0x000001cd8ff1a228]

GC Heap History (2 events):
Event: 2.496 GC heap before
{Heap before GC invocations=0 (full 0):
 garbage-first heap   total 129024K, used 27648K [0x0000000082000000, 0x0000000100000000)
  region size 1024K, 23 young (23552K), 0 survivors (0K)
 Metaspace       used 11941K, committed 12224K, reserved 1114112K
  class space    used 1322K, committed 1472K, reserved 1048576K
}
Event: 2.501 GC heap after
{Heap after GC invocations=1 (full 0):
 garbage-first heap   total 129024K, used 8319K [0x0000000082000000, 0x0000000100000000)
  region size 1024K, 3 young (3072K), 3 survivors (3072K)
 Metaspace       used 11941K, committed 12224K, reserved 1114112K
  class space    used 1322K, committed 1472K, reserved 1048576K
}

Dll operation events (14 events):
Event: 0.009 Loaded shared library C:\Program Files\Java\jdk-21\bin\java.dll
Event: 0.042 Loaded shared library C:\Program Files\Java\jdk-21\bin\jsvml.dll
Event: 0.077 Loaded shared library C:\Program Files\Java\jdk-21\bin\zip.dll
Event: 0.080 Loaded shared library C:\Program Files\Java\jdk-21\bin\instrument.dll
Event: 0.088 Loaded shared library C:\Program Files\Java\jdk-21\bin\net.dll
Event: 0.091 Loaded shared library C:\Program Files\Java\jdk-21\bin\nio.dll
Event: 0.095 Loaded shared library C:\Program Files\Java\jdk-21\bin\zip.dll
Event: 0.116 Loaded shared library C:\Program Files\JetBrains\IntelliJ IDEA 2024.2.4\bin\breakgen64.dll
Event: 0.126 Loaded shared library C:\Program Files\Java\jdk-21\bin\extnet.dll
Event: 0.126 Loaded shared library C:\Program Files\Java\jdk-21\bin\jimage.dll
Event: 0.140 Loaded shared library C:\Program Files\Java\jdk-21\bin\awt.dll
Event: 0.289 Loaded shared library C:\Program Files\Java\jdk-21\bin\freetype.dll
Event: 0.290 Loaded shared library C:\Program Files\Java\jdk-21\bin\fontmanager.dll
Event: 2.599 Loaded shared library C:\Program Files\Java\jdk-21\bin\sunmscapi.dll

Deoptimization events (20 events):
Event: 3.773 Thread 0x000001cd9b7893b0 Uncommon trap: trap_request=0xffffff66 fr.pc=0x000001cd8ff0eaec relative=0x000000000000030c
Event: 3.773 Thread 0x000001cd9b7893b0 Uncommon trap: reason=speculate_class_check action=maybe_recompile pc=0x000001cd8ff0eaec method=sun.security.util.math.intpoly.IntegerPolynomial.multByInt([JJ)V @ 26 c2
Event: 3.774 Thread 0x000001cd9b7893b0 DEOPT PACKING pc=0x000001cd8ff0eaec sp=0x000000c9640fd1b0
Event: 3.774 Thread 0x000001cd9b7893b0 DEOPT UNPACKING pc=0x000001cd8f9146a2 sp=0x000000c9640fd0f0 mode 2
Event: 3.774 Thread 0x000001cd9b7893b0 Uncommon trap: trap_request=0xffffffde fr.pc=0x000001cd8ff083a0 relative=0x0000000000000260
Event: 3.774 Thread 0x000001cd9b7893b0 Uncommon trap: reason=class_check action=maybe_recompile pc=0x000001cd8ff083a0 method=sun.security.util.math.intpoly.IntegerPolynomial.multByInt([JJ)V @ 26 c2
Event: 3.774 Thread 0x000001cd9b7893b0 DEOPT PACKING pc=0x000001cd8ff083a0 sp=0x000000c9640fd120
Event: 3.774 Thread 0x000001cd9b7893b0 DEOPT UNPACKING pc=0x000001cd8f9146a2 sp=0x000000c9640fd0f0 mode 2
Event: 3.774 Thread 0x000001cd9b7893b0 Uncommon trap: trap_request=0xffffffde fr.pc=0x000001cd8ff083a0 relative=0x0000000000000260
Event: 3.774 Thread 0x000001cd9b7893b0 Uncommon trap: reason=class_check action=maybe_recompile pc=0x000001cd8ff083a0 method=sun.security.util.math.intpoly.IntegerPolynomial.multByInt([JJ)V @ 26 c2
Event: 3.774 Thread 0x000001cd9b7893b0 DEOPT PACKING pc=0x000001cd8ff083a0 sp=0x000000c9640fd120
Event: 3.774 Thread 0x000001cd9b7893b0 DEOPT UNPACKING pc=0x000001cd8f9146a2 sp=0x000000c9640fd0f0 mode 2
Event: 3.774 Thread 0x000001cd9b7893b0 Uncommon trap: trap_request=0xffffffde fr.pc=0x000001cd8ff083a0 relative=0x0000000000000260
Event: 3.774 Thread 0x000001cd9b7893b0 Uncommon trap: reason=class_check action=maybe_recompile pc=0x000001cd8ff083a0 method=sun.security.util.math.intpoly.IntegerPolynomial.multByInt([JJ)V @ 26 c2
Event: 3.774 Thread 0x000001cd9b7893b0 DEOPT PACKING pc=0x000001cd8ff083a0 sp=0x000000c9640fd120
Event: 3.774 Thread 0x000001cd9b7893b0 DEOPT UNPACKING pc=0x000001cd8f9146a2 sp=0x000000c9640fd0f0 mode 2
Event: 3.774 Thread 0x000001cd9b7893b0 Uncommon trap: trap_request=0xffffffde fr.pc=0x000001cd8ff083a0 relative=0x0000000000000260
Event: 3.774 Thread 0x000001cd9b7893b0 Uncommon trap: reason=class_check action=maybe_recompile pc=0x000001cd8ff083a0 method=sun.security.util.math.intpoly.IntegerPolynomial.multByInt([JJ)V @ 26 c2
Event: 3.774 Thread 0x000001cd9b7893b0 DEOPT PACKING pc=0x000001cd8ff083a0 sp=0x000000c9640fd120
Event: 3.774 Thread 0x000001cd9b7893b0 DEOPT UNPACKING pc=0x000001cd8f9146a2 sp=0x000000c9640fd0f0 mode 2

Classes loaded (20 events):
Event: 5.829 Loading class com/sun/crypto/provider/GCM done
Event: 5.829 Loading class com/sun/crypto/provider/CounterMode
Event: 5.829 Loading class com/sun/crypto/provider/CounterMode done
Event: 5.829 Loading class com/sun/crypto/provider/GCTR done
Event: 5.829 Loading class com/sun/crypto/provider/GHASH
Event: 5.829 Loading class com/sun/crypto/provider/GHASH done
Event: 5.830 Loading class com/sun/crypto/provider/GaloisCounterMode$EncryptOp
Event: 5.830 Loading class com/sun/crypto/provider/GaloisCounterMode$GCMOperation
Event: 5.830 Loading class com/sun/crypto/provider/GaloisCounterMode$GCMOperation done
Event: 5.830 Loading class com/sun/crypto/provider/GaloisCounterMode$EncryptOp done
Event: 5.831 Loading class sun/security/ssl/SSLCipher$T12GcmReadCipherGenerator$GcmReadCipher
Event: 5.831 Loading class sun/security/ssl/SSLCipher$T12GcmReadCipherGenerator$GcmReadCipher done
Event: 5.832 Loading class com/sun/crypto/provider/GaloisCounterMode$GCMDecrypt
Event: 5.832 Loading class com/sun/crypto/provider/GaloisCounterMode$GCMDecrypt done
Event: 5.832 Loading class com/sun/crypto/provider/GaloisCounterMode$DecryptOp
Event: 5.832 Loading class com/sun/crypto/provider/GaloisCounterMode$DecryptOp done
Event: 5.832 Loading class jdk/internal/event/TLSHandshakeEvent
Event: 5.833 Loading class jdk/internal/event/TLSHandshakeEvent done
Event: 5.833 Loading class javax/net/ssl/SSLEngineResult$HandshakeStatus
Event: 5.833 Loading class javax/net/ssl/SSLEngineResult$HandshakeStatus done

Classes unloaded (0 events):
No events

Classes redefined (0 events):
No events

Internal exceptions (20 events):
Event: 0.233 Thread 0x000001cdfddc2e00 Exception <a 'java/lang/ClassNotFoundException'{0x00000000898eeae0}: com/sun/swing/internal/plaf/basic/resources/spi/basicProvider> (0x00000000898eeae0) 
thrown [s\open\src\hotspot\share\classfile\systemDictionary.cpp, line 312]
Event: 0.242 Thread 0x000001cdfddc2e00 Exception <a 'java/lang/NoSuchMethodError'{0x000000008970b158}: 'int java.lang.invoke.Invokers$Holder.invokeExact_MT(java.lang.Object, java.lang.Object)'> (0x000000008970b158) 
thrown [s\open\src\hotspot\share\interpreter\linkResolver.cpp, line 773]
Event: 0.272 Thread 0x000001cd9b788690 Exception <a 'java/lang/NoSuchMethodError'{0x00000000899faed0}: 'void java.lang.invoke.DirectMethodHandle$Holder.invokeVirtual(java.lang.Object, java.lang.Object)'> (0x00000000899faed0) 
thrown [s\open\src\hotspot\share\interpreter\linkResolver.cpp, line 773]
Event: 0.284 Thread 0x000001cdfddc2e00 Exception <a 'java/lang/NoSuchMethodError'{0x0000000089757970}: 'void java.lang.invoke.DirectMethodHandle$Holder.invokeStaticInit(java.lang.Object)'> (0x0000000089757970) 
thrown [s\open\src\hotspot\share\interpreter\linkResolver.cpp, line 773]
Event: 0.367 Thread 0x000001cdfddc2e00 Exception <a 'java/io/FileNotFoundException'{0x00000000896f37b0}> (0x00000000896f37b0) 
thrown [s\open\src\hotspot\share\prims\jni.cpp, line 520]
Event: 0.370 Thread 0x000001cdfddc2e00 Exception <a 'java/io/FileNotFoundException'{0x00000000896fa170}> (0x00000000896fa170) 
thrown [s\open\src\hotspot\share\prims\jni.cpp, line 520]
Event: 0.373 Thread 0x000001cdfddc2e00 Exception <a 'java/io/FileNotFoundException'{0x000000008950f6e8}> (0x000000008950f6e8) 
thrown [s\open\src\hotspot\share\prims\jni.cpp, line 520]
Event: 0.398 Thread 0x000001cdfddc2e00 Exception <a 'java/io/FileNotFoundException'{0x00000000895b6140}> (0x00000000895b6140) 
thrown [s\open\src\hotspot\share\prims\jni.cpp, line 520]
Event: 0.398 Thread 0x000001cdfddc2e00 Exception <a 'java/io/FileNotFoundException'{0x00000000895bc8f0}> (0x00000000895bc8f0) 
thrown [s\open\src\hotspot\share\prims\jni.cpp, line 520]
Event: 0.402 Thread 0x000001cdfddc2e00 Exception <a 'java/io/FileNotFoundException'{0x00000000895d8c50}> (0x00000000895d8c50) 
thrown [s\open\src\hotspot\share\prims\jni.cpp, line 520]
Event: 2.397 Thread 0x000001cd9b7893b0 Implicit null exception at 0x000001cd8feab1e4 to 0x000001cd8feab2a0
Event: 2.512 Thread 0x000001cd9b7893b0 Exception <a 'java/lang/NoSuchMethodError'{0x0000000089c13778}: 'java.lang.Object java.lang.invoke.DirectMethodHandle$Holder.invokeInterface(java.lang.Object, java.lang.Object)'> (0x0000000089c13778) 
thrown [s\open\src\hotspot\share\interpreter\linkResolver.cpp, line 773]
Event: 2.533 Thread 0x000001cd9b7893b0 Exception <a 'java/lang/NoSuchMethodError'{0x0000000089b5d5a8}: 'java.lang.Object java.lang.invoke.DirectMethodHandle$Holder.invokeStatic(java.lang.Object, long, java.lang.Object)'> (0x0000000089b5d5a8) 
thrown [s\open\src\hotspot\share\interpreter\linkResolver.cpp, line 773]
Event: 2.533 Thread 0x000001cd9b7893b0 Exception <a 'java/lang/NoSuchMethodError'{0x0000000089b60eb0}: 'java.lang.Object java.lang.invoke.DirectMethodHandle$Holder.invokeStaticInit(java.lang.Object, long, java.lang.Object)'> (0x0000000089b60eb0) 
thrown [s\open\src\hotspot\share\interpreter\linkResolver.cpp, line 773]
Event: 2.533 Thread 0x000001cd9b7893b0 Exception <a 'java/lang/NoSuchMethodError'{0x0000000089b668c8}: 'java.lang.Object java.lang.invoke.DirectMethodHandle$Holder.newInvokeSpecial(java.lang.Object, long)'> (0x0000000089b668c8) 
thrown [s\open\src\hotspot\share\interpreter\linkResolver.cpp, line 773]
Event: 2.575 Thread 0x000001cd9b7893b0 Exception <a 'java/lang/NoSuchMethodError'{0x0000000089aaef28}: 'java.lang.Object java.lang.invoke.DirectMethodHandle$Holder.invokeVirtual(java.lang.Object, java.lang.Object, java.lang.Object, java.lang.Object)'> (0x0000000089aaef28) 
thrown [s\open\src\hotspot\share\interpreter\linkResolver.cpp, line 773]
Event: 2.577 Thread 0x000001cd9b7893b0 Exception <a 'java/lang/NoSuchMethodError'{0x0000000089ac1d20}: 'java.lang.Object java.lang.invoke.DirectMethodHandle$Holder.invokeStaticInit(java.lang.Object, int, int, int, int)'> (0x0000000089ac1d20) 
thrown [s\open\src\hotspot\share\interpreter\linkResolver.cpp, line 773]
Event: 2.592 Thread 0x000001cd9b7893b0 Exception <a 'java/lang/NoSuchMethodError'{0x0000000089920c50}: 'java.lang.Object java.lang.invoke.DirectMethodHandle$Holder.invokeStaticInit(java.lang.Object, java.lang.Object, int, int, int, int)'> (0x0000000089920c50) 
thrown [s\open\src\hotspot\share\interpreter\linkResolver.cpp, line 773]
Event: 2.595 Thread 0x000001cd9b7893b0 Implicit null exception at 0x000001cd8feabe0a to 0x000001cd8feabeb4
Event: 2.615 Thread 0x000001cd9b7893b0 Exception <a 'sun/nio/fs/WindowsException'{0x00000000899ce678}> (0x00000000899ce678) 
thrown [s\open\src\hotspot\share\prims\jni.cpp, line 520]

ZGC Phase Switch (0 events):
No events

VM Operations (20 events):
Event: 2.351 Executing VM operation: HandshakeAllThreads (Deoptimize)
Event: 2.351 Executing VM operation: HandshakeAllThreads (Deoptimize) done
Event: 2.381 Executing VM operation: HandshakeAllThreads (Deoptimize)
Event: 2.381 Executing VM operation: HandshakeAllThreads (Deoptimize) done
Event: 2.430 Executing VM operation: HandshakeAllThreads (Deoptimize)
Event: 2.430 Executing VM operation: HandshakeAllThreads (Deoptimize) done
Event: 2.496 Executing VM operation: G1CollectForAllocation (G1 Evacuation Pause)
Event: 2.501 Executing VM operation: G1CollectForAllocation (G1 Evacuation Pause) done
Event: 2.617 Executing VM operation: HandshakeAllThreads (Deoptimize)
Event: 2.617 Executing VM operation: HandshakeAllThreads (Deoptimize) done
Event: 2.657 Executing VM operation: HandshakeAllThreads (Deoptimize)
Event: 2.657 Executing VM operation: HandshakeAllThreads (Deoptimize) done
Event: 2.659 Executing VM operation: HandshakeAllThreads (Deoptimize)
Event: 2.659 Executing VM operation: HandshakeAllThreads (Deoptimize) done
Event: 3.662 Executing VM operation: Cleanup
Event: 3.773 Executing VM operation: Cleanup done
Event: 4.778 Executing VM operation: Cleanup
Event: 5.814 Executing VM operation: Cleanup done
Event: 6.821 Executing VM operation: Cleanup
Event: 6.821 Executing VM operation: Cleanup done

Events (20 events):
Event: 0.040 Thread 0x000001cdffbe62e0 Thread added: 0x000001cdffbe62e0
Event: 0.040 Thread 0x000001cdffbec140 Thread added: 0x000001cdffbec140
Event: 0.041 Thread 0x000001cdffbebab0 Thread added: 0x000001cdffbebab0
Event: 0.041 Thread 0x000001cdffbec7d0 Thread added: 0x000001cdffbec7d0
Event: 0.041 Thread 0x000001cdffbece60 Thread added: 0x000001cdffbece60
Event: 0.041 Thread 0x000001cdffbfe080 Thread added: 0x000001cdffbfe080
Event: 0.041 Thread 0x000001cdffc11a40 Thread added: 0x000001cdffc11a40
Event: 0.061 Thread 0x000001cdffbed4f0 Thread added: 0x000001cdffbed4f0
Event: 0.100 Thread 0x000001cd9b615690 Thread added: 0x000001cd9b615690
Event: 0.117 Thread 0x000001cdffbedb80 Thread added: 0x000001cdffbedb80
Event: 0.117 Thread 0x000001cdffbee210 Thread added: 0x000001cdffbee210
Event: 0.189 Thread 0x000001cdffbee8a0 Thread added: 0x000001cdffbee8a0
Event: 0.190 Thread 0x000001cdffbeb420 Thread added: 0x000001cdffbeb420
Event: 0.191 Thread 0x000001cd9b788690 Thread added: 0x000001cd9b788690
Event: 0.272 Thread 0x000001cd9b7893b0 Thread added: 0x000001cd9b7893b0
Event: 0.613 Thread 0x000001cdfddc2e00 Thread exited: 0x000001cdfddc2e00
Event: 0.613 Thread 0x000001cd9b788d20 Thread added: 0x000001cd9b788d20
Event: 0.736 Thread 0x000001cd9b615690 Thread exited: 0x000001cd9b615690
Event: 2.401 Thread 0x000001cde3022a40 Thread added: 0x000001cde3022a40
Event: 2.403 Thread 0x000001cde2f96df0 Thread added: 0x000001cde2f96df0


Dynamic libraries:
0x00007ff7ecb40000 - 0x00007ff7ecb50000 	C:\Program Files\Java\jdk-21\bin\java.exe
0x00007ff8339e0000 - 0x00007ff833c43000 	C:\WINDOWS\SYSTEM32\ntdll.dll
0x00007ff8328a0000 - 0x00007ff832968000 	C:\WINDOWS\System32\KERNEL32.DLL
0x00007ff831480000 - 0x00007ff831832000 	C:\WINDOWS\System32\KERNELBASE.dll
0x00007ff830de0000 - 0x00007ff830f2b000 	C:\WINDOWS\System32\ucrtbase.dll
0x00007ff82d780000 - 0x00007ff82d799000 	C:\Program Files\Java\jdk-21\bin\jli.dll
0x00007ff82d760000 - 0x00007ff82d77b000 	C:\Program Files\Java\jdk-21\bin\VCRUNTIME140.dll
0x00007ff832970000 - 0x00007ff832a24000 	C:\WINDOWS\System32\ADVAPI32.dll
0x00007ff832a30000 - 0x00007ff832ad9000 	C:\WINDOWS\System32\msvcrt.dll
0x00007ff831ec0000 - 0x00007ff831f66000 	C:\WINDOWS\System32\sechost.dll
0x00007ff831a80000 - 0x00007ff831b96000 	C:\WINDOWS\System32\RPCRT4.dll
0x00007ff831c10000 - 0x00007ff831dd8000 	C:\WINDOWS\System32\USER32.dll
0x00007ff830db0000 - 0x00007ff830dd7000 	C:\WINDOWS\System32\win32u.dll
0x00007ff831ba0000 - 0x00007ff831bca000 	C:\WINDOWS\System32\GDI32.dll
0x00007ff800010000 - 0x00007ff8002a0000 	C:\WINDOWS\WinSxS\amd64_microsoft.windows.common-controls_6595b64144ccf1df_6.0.26100.2454_none_3e0b68a2e331ad60\COMCTL32.dll
0x00007ff830f30000 - 0x00007ff83105b000 	C:\WINDOWS\System32\gdi32full.dll
0x00007ff831310000 - 0x00007ff8313b3000 	C:\WINDOWS\System32\msvcp_win.dll
0x00007ff8285d0000 - 0x00007ff8285db000 	C:\WINDOWS\SYSTEM32\VERSION.dll
0x00007ff831bd0000 - 0x00007ff831bff000 	C:\WINDOWS\System32\IMM32.DLL
0x00007ff82d390000 - 0x00007ff82d39c000 	C:\Program Files\Java\jdk-21\bin\vcruntime140_1.dll
0x00007ff82b580000 - 0x00007ff82b60e000 	C:\Program Files\Java\jdk-21\bin\msvcp140.dll
0x00007fffc1830000 - 0x00007fffc2545000 	C:\Program Files\Java\jdk-21\bin\server\jvm.dll
0x00007ff831970000 - 0x00007ff8319e4000 	C:\WINDOWS\System32\WS2_32.dll
0x00007ff82fa30000 - 0x00007ff82fa7e000 	C:\WINDOWS\SYSTEM32\POWRPROF.dll
0x00007ff80e0e0000 - 0x00007ff80e116000 	C:\WINDOWS\SYSTEM32\WINMM.dll
0x00007ff82fa10000 - 0x00007ff82fa24000 	C:\WINDOWS\SYSTEM32\UMPDC.dll
0x00007ff82fcd0000 - 0x00007ff82fcea000 	C:\WINDOWS\SYSTEM32\kernel.appcore.dll
0x00007ff82d380000 - 0x00007ff82d38a000 	C:\Program Files\Java\jdk-21\bin\jimage.dll
0x00007ff82e560000 - 0x00007ff82e7a1000 	C:\WINDOWS\SYSTEM32\DBGHELP.DLL
0x00007ff832ce0000 - 0x00007ff83305e000 	C:\WINDOWS\System32\combase.dll
0x00007ff831de0000 - 0x00007ff831eb6000 	C:\WINDOWS\System32\OLEAUT32.dll
0x00007ff80d8b0000 - 0x00007ff80d8e9000 	C:\WINDOWS\SYSTEM32\dbgcore.DLL
0x00007ff831270000 - 0x00007ff831309000 	C:\WINDOWS\System32\bcryptPrimitives.dll
0x00007ff82d370000 - 0x00007ff82d37f000 	C:\Program Files\Java\jdk-21\bin\instrument.dll
0x00007ff82d330000 - 0x00007ff82d34f000 	C:\Program Files\Java\jdk-21\bin\java.dll
0x00007ff833290000 - 0x00007ff833990000 	C:\WINDOWS\System32\SHELL32.dll
0x00007ff82eac0000 - 0x00007ff82f2f1000 	C:\WINDOWS\SYSTEM32\windows.storage.dll
0x00007ff8327c0000 - 0x00007ff83289a000 	C:\WINDOWS\System32\SHCORE.dll
0x00007ff831f80000 - 0x00007ff831fdd000 	C:\WINDOWS\System32\shlwapi.dll
0x00007ff830cc0000 - 0x00007ff830cee000 	C:\WINDOWS\SYSTEM32\profapi.dll
0x00007ff81f970000 - 0x00007ff81fa47000 	C:\Program Files\Java\jdk-21\bin\jsvml.dll
0x00007ff82b7d0000 - 0x00007ff82b7e8000 	C:\Program Files\Java\jdk-21\bin\zip.dll
0x00007ff82d360000 - 0x00007ff82d370000 	C:\Program Files\Java\jdk-21\bin\net.dll
0x00007ff824cb0000 - 0x00007ff824dd6000 	C:\WINDOWS\SYSTEM32\WINHTTP.dll
0x00007ff8301e0000 - 0x00007ff830248000 	C:\WINDOWS\system32\mswsock.dll
0x00007ff82d160000 - 0x00007ff82d176000 	C:\Program Files\Java\jdk-21\bin\nio.dll
0x00007ff82b770000 - 0x00007ff82b78a000 	C:\Program Files\JetBrains\IntelliJ IDEA 2024.2.4\bin\breakgen64.dll
0x00007ff82d320000 - 0x00007ff82d327000 	C:\Program Files\Java\jdk-21\bin\extnet.dll
0x00007ff811150000 - 0x00007ff8112df000 	C:\Program Files\Java\jdk-21\bin\awt.dll
0x00007ff82d960000 - 0x00007ff82d9fc000 	C:\WINDOWS\SYSTEM32\apphelp.dll
0x00007ff82df70000 - 0x00007ff82df9e000 	C:\WINDOWS\system32\DWMAPI.DLL
0x00007ff82dc90000 - 0x00007ff82dd3d000 	C:\WINDOWS\system32\uxtheme.dll
0x00007ff81e030000 - 0x00007ff81e13c000 	C:\WINDOWS\system32\opengl32.dll
0x00007ff8220b0000 - 0x00007ff8220dd000 	C:\WINDOWS\SYSTEM32\GLU32.dll
0x00007ff82dd70000 - 0x00007ff82ddb7000 	C:\WINDOWS\SYSTEM32\dxcore.dll
0x00007ff832b80000 - 0x00007ff832cdc000 	C:\WINDOWS\System32\MSCTF.dll
0x00007ff832190000 - 0x00007ff832329000 	C:\WINDOWS\System32\ole32.dll
0x00007ff81e9f0000 - 0x00007ff81ea77000 	C:\Program Files\Java\jdk-21\bin\freetype.dll
0x00007ff818210000 - 0x00007ff8182e3000 	C:\Program Files\Java\jdk-21\bin\fontmanager.dll
0x00007ff813770000 - 0x00007ff8138b6000 	C:\WINDOWS\SYSTEM32\textinputframework.dll
0x00007ff82d580000 - 0x00007ff82d6a5000 	C:\WINDOWS\SYSTEM32\CoreMessaging.dll
0x00007ff82b160000 - 0x00007ff82b443000 	C:\WINDOWS\SYSTEM32\CoreUIComponents.dll
0x00007ff82af50000 - 0x00007ff82b0b8000 	C:\WINDOWS\SYSTEM32\wintypes.dll
0x00007ff8304c0000 - 0x00007ff8304cc000 	C:\WINDOWS\SYSTEM32\CRYPTBASE.DLL
0x00007fff8d470000 - 0x00007fff8d488000 	C:\WINDOWS\system32\napinsp.dll
0x00007ff82f6e0000 - 0x00007ff82f805000 	C:\WINDOWS\SYSTEM32\DNSAPI.dll
0x00007ff82f650000 - 0x00007ff82f682000 	C:\WINDOWS\SYSTEM32\IPHLPAPI.DLL
0x00007ff8319f0000 - 0x00007ff8319fa000 	C:\WINDOWS\System32\NSI.dll
0x00007fff8d450000 - 0x00007fff8d462000 	C:\WINDOWS\System32\winrnr.dll
0x00007ff81eb70000 - 0x00007ff81eb92000 	C:\WINDOWS\system32\nlansp_c.dll
0x00007ff8173c0000 - 0x00007ff8173d6000 	C:\WINDOWS\system32\wshbth.dll
0x00007ff813760000 - 0x00007ff81376b000 	C:\Windows\System32\rasadhlp.dll
0x00007ff8248d0000 - 0x00007ff824955000 	C:\WINDOWS\System32\fwpuclnt.dll
0x00007ff8304a0000 - 0x00007ff8304bc000 	C:\WINDOWS\SYSTEM32\CRYPTSP.dll
0x00007ff82fc30000 - 0x00007ff82fc68000 	C:\WINDOWS\system32\rsaenh.dll
0x00007ff8302a0000 - 0x00007ff8302cb000 	C:\WINDOWS\SYSTEM32\USERENV.dll
0x00007ff8306e0000 - 0x00007ff830706000 	C:\WINDOWS\SYSTEM32\bcrypt.dll
0x00007ff82ada0000 - 0x00007ff82adae000 	C:\Program Files\Java\jdk-21\bin\sunmscapi.dll
0x00007ff831060000 - 0x00007ff8311d6000 	C:\WINDOWS\System32\CRYPT32.dll
0x00007ff8306a0000 - 0x00007ff8306d0000 	C:\WINDOWS\SYSTEM32\ncrypt.dll
0x00007ff830650000 - 0x00007ff83068f000 	C:\WINDOWS\SYSTEM32\NTASN1.dll

dbghelp: loaded successfully - version: 4.0.5 - missing functions: none
symbol engine: initialized successfully - sym options: 0x614 - pdb path: .;C:\Program Files\Java\jdk-21\bin;C:\WINDOWS\SYSTEM32;C:\WINDOWS\WinSxS\amd64_microsoft.windows.common-controls_6595b64144ccf1df_6.0.26100.2454_none_3e0b68a2e331ad60;C:\Program Files\Java\jdk-21\bin\server;C:\Program Files\JetBrains\IntelliJ IDEA 2024.2.4\bin

VM Arguments:
jvm_args: -javaagent:C:\Program Files\JetBrains\IntelliJ IDEA 2024.2.4\lib\idea_rt.jar=60988:C:\Program Files\JetBrains\IntelliJ IDEA 2024.2.4\bin -Dfile.encoding=UTF-8 -Dsun.stdout.encoding=UTF-8 -Dsun.stderr.encoding=UTF-8 
java_command: Main
java_class_path (initial): C:\Users\belth\IdeaProjects\PryctFnl\out\production\PryctFnl;C:\Users\belth\OneDrive\Documentos\sqljdbc_12.8.1.0_enu\sqljdbc_12.8\enu\jars\mssql-jdbc-12.8.1.jre11.jar;C:\Users\belth\OneDrive\Documentos\Universidad\FISI-V\pdfbox-app-3.0.3.jar
Launcher Type: SUN_STANDARD

[Global flags]
     intx CICompilerCount                          = 4                                         {product} {ergonomic}
     uint ConcGCThreads                            = 2                                         {product} {ergonomic}
     uint G1ConcRefinementThreads                  = 8                                         {product} {ergonomic}
   size_t G1HeapRegionSize                         = 1048576                                   {product} {ergonomic}
    uintx GCDrainStackTargetSize                   = 64                                        {product} {ergonomic}
   size_t InitialHeapSize                          = 132120576                                 {product} {ergonomic}
   size_t MarkStackSize                            = 4194304                                   {product} {ergonomic}
   size_t MaxHeapSize                              = 2113929216                                {product} {ergonomic}
   size_t MaxNewSize                               = 1267728384                                {product} {ergonomic}
   size_t MinHeapDeltaBytes                        = 1048576                                   {product} {ergonomic}
   size_t MinHeapSize                              = 8388608                                   {product} {ergonomic}
    uintx NonNMethodCodeHeapSize                   = 5839372                                {pd product} {ergonomic}
    uintx NonProfiledCodeHeapSize                  = 122909434                              {pd product} {ergonomic}
    uintx ProfiledCodeHeapSize                     = 122909434                              {pd product} {ergonomic}
    uintx ReservedCodeCacheSize                    = 251658240                              {pd product} {ergonomic}
     bool SegmentedCodeCache                       = true                                      {product} {ergonomic}
   size_t SoftMaxHeapSize                          = 2113929216                             {manageable} {ergonomic}
     bool UseCompressedOops                        = true                           {product lp64_product} {ergonomic}
     bool UseG1GC                                  = true                                      {product} {ergonomic}
     bool UseLargePagesIndividualAllocation        = false                                  {pd product} {ergonomic}

Logging:
Log output configuration:
 #0: stdout all=warning uptime,level,tags foldmultilines=false
 #1: stderr all=off uptime,level,tags foldmultilines=false

Environment Variables:
PATH=C:\Program Files\Common Files\Oracle\Java\javapath;C:\WINDOWS\system32;C:\WINDOWS;C:\WINDOWS\System32\Wbem;C:\WINDOWS\System32\WindowsPowerShell\v1.0\;C:\WINDOWS\System32\OpenSSH\;C:\Program Files (x86)\Microsoft SQL Server\160\Tools\Binn\;C:\Program Files\Microsoft SQL Server\160\Tools\Binn\;C:\Program Files\Microsoft SQL Server\Client SDK\ODBC\170\Tools\Binn\;C:\Program Files\Microsoft SQL Server\160\DTS\Binn\;C:\Program Files (x86)\Microsoft SQL Server\160\DTS\Binn\;C:\xampp\php;C:\Program Files\Git\cmd;C:\Program Files\nodejs\;C:\Users\belth\AppData\Local\Programs\Python\Launcher\;C:\Users\belth\AppData\Local\Microsoft\WindowsApps;C:\Users\belth\AppData\Local\Programs\Microsoft VS Code\bin;C:\Users\belth\AppData\Local\Programs\Python\Python312;C:\Users\belth\AppData\Local\Programs\Python\Python312\Scripts;C:\Users\belth\AppData\Roaming\npm;C:\SQL3;;C:\Program Files\JetBrains\IntelliJ IDEA Community Edition 2024.2.4\bin;;C:\Program Files\JetBrains\IntelliJ IDEA 2024.2.4\bin;
USERNAME=belth
OS=Windows_NT
PROCESSOR_IDENTIFIER=Intel64 Family 6 Model 165 Stepping 2, GenuineIntel
TMP=C:\Users\belth\AppData\Local\Temp
TEMP=C:\Users\belth\AppData\Local\Temp




Periodic native trim disabled

---------------  S Y S T E M  ---------------

OS:
 Windows 11 , 64 bit Build 26100 (10.0.26100.2454)
OS uptime: 0 days 23:32 hours
Hyper-V role detected

CPU: total 8 (initial active 8) (4 cores per cpu, 2 threads per core) family 6 model 165 stepping 2 microcode 0xea, cx8, cmov, fxsr, ht, mmx, 3dnowpref, sse, sse2, sse3, ssse3, sse4.1, sse4.2, popcnt, lzcnt, tsc, tscinvbit, avx, avx2, aes, erms, clmul, bmi1, bmi2, adx, fma, vzeroupper, clflush, clflushopt, hv, rdtscp, f16c
Processor Information for all 8 processors :
  Max Mhz: 2496, Current Mhz: 2496, Mhz Limit: 2496

Memory: 4k page, system-wide physical 8059M (876M free)
TotalPageFile size 12155M (AvailPageFile size 6M)
current process WorkingSet (physical memory assigned to process): 123M, peak: 125M
current process commit charge ("private bytes"): 251M, peak: 253M

vm_info: Java HotSpot(TM) 64-Bit Server VM (21.0.1+12-LTS-29) for windows-amd64 JRE (21.0.1+12-LTS-29), built on 2023-10-05T13:27:09Z by "mach5one" with MS VC++ 17.1 (VS2022)

END.
